Info Log: 
[10/04/2024 01:28:22] log - teste entity
[10/04/2024 01:29:42] log - teste entity
[10/04/2024 01:29:53] log - teste entity
[10/04/2024 01:30:14] log - teste entity
[10/04/2024 01:30:17] log - teste entity
[10/04/2024 01:30:22] log - teste entity
[10/04/2024 01:31:52] log - teste entity
[10/04/2024 01:34:32] log - teste entity
[10/04/2024 01:34:35] log - teste entity
[10/04/2024 01:34:58] log - teste entity
[10/04/2024 01:35:00] log - teste entity
[10/04/2024 01:36:10] log - teste entity
[10/04/2024 01:36:13] log - teste entity
[10/04/2024 01:36:43] log - teste entity
[10/04/2024 01:36:48] log - teste entity
[10/04/2024 01:37:25] log - teste entity
[10/04/2024 01:37:29] log - teste entity
[10/04/2024 01:38:00] log - teste entity
[10/04/2024 01:38:02] log - teste entity
[10/04/2024 01:38:36] log - teste entity
[10/04/2024 01:39:20] log - teste entity
[10/04/2024 01:39:29] log - teste entity
[10/04/2024 01:40:11] log - teste entity 234234234
[10/04/2024 01:40:14] log - teste entity
[10/04/2024 01:41:22] log - teste entity 234234234
[10/04/2024 01:41:25] Success - texto teste
[10/04/2024 01:41:33] Success - texto teste
[10/04/2024 01:41:34] Success - texto teste
[10/04/2024 01:41:50] Success - texto teste
[10/04/2024 01:42:01] Success - texto teste
[10/04/2024 01:43:52] Success - texto teste
[10/04/2024 01:43:58] Success - texto teste
[10/04/2024 01:46:07] Success - texto teste
[10/04/2024 01:46:29] Success - texto teste
[10/04/2024 01:46:30] Success - texto teste
[10/04/2024 01:46:32] Success - texto teste
[10/04/2024 01:46:39] Success - texto teste
[10/04/2024 01:46:40] Success - texto teste
[10/04/2024 01:46:41] Success - texto teste
[10/04/2024 01:46:43] Success - texto teste
[10/04/2024 01:47:10] Success - texto teste
[10/04/2024 01:47:12] Success - texto teste
[10/04/2024 01:47:13] Success - texto teste
[10/04/2024 01:47:14] Success - texto teste
[10/04/2024 01:47:18] Success - texto teste
[10/04/2024 01:47:20] Success - texto teste
[10/04/2024 01:47:21] Success - texto teste
[10/04/2024 01:47:22] Success - texto teste
[10/04/2024 01:47:23] Success - texto teste
[10/04/2024 01:47:25] Success - texto teste
[10/04/2024 11:07:35] Success - texto teste
[10/04/2024 11:08:04] Success - texto teste
[10/04/2024 11:08:05] Success - texto teste
[10/04/2024 11:09:01] Success - texto teste
[10/04/2024 11:09:02] Success - texto teste
[10/04/2024 11:11:07] Success - texto teste
[10/04/2024 11:11:14] Success - texto teste
[10/04/2024 11:11:23] Success - texto teste
[10/04/2024 11:11:24] Success - texto teste
[10/04/2024 11:14:44] Success - texto teste
[10/04/2024 11:15:03] Success - texto teste
[10/04/2024 11:17:42] Success - texto teste
[10/04/2024 11:21:48] Success - texto teste
[10/04/2024 11:22:04] Success - texto teste
[10/04/2024 11:22:59] Success - texto teste
[10/04/2024 11:23:27] Success - texto teste
[10/04/2024 11:25:39] Success - texto teste
[10/04/2024 11:25:56] Warn - texto teste
[10/04/2024 11:25:59] Warn - texto teste
[10/04/2024 11:26:01] Warn - texto teste
[10/04/2024 11:26:03] Warn - texto teste
[10/04/2024 11:37:21] Warn - texto teste
[10/04/2024 11:38:13] Warn - texto teste
[10/04/2024 11:40:37] Warn - texto teste
[10/04/2024 12:04:09] Warn - texto teste
[10/04/2024 13:11:53] Warn - texto teste
[10/04/2024 13:17:55] Warn - texto teste
[10/04/2024 16:55:46] Warn - texto teste
[10/04/2024 16:56:46] Warn - texto teste
[10/04/2024 16:57:39] Warn - texto teste
[10/04/2024 17:08:39] Warn - texto teste
[10/04/2024 17:08:54] Warn - texto teste
[10/04/2024 17:21:01] Warn - texto teste
[10/04/2024 17:21:27] Warn - texto teste
[10/04/2024 17:41:55] Info - Folder generated successfully
[10/04/2024 17:41:55] Info - Run server
[10/04/2024 17:41:55] Info - Information recorded in the file
[10/04/2024 17:41:55] Info - Information recorded in the file
[10/04/2024 17:41:55] Info - Information recorded in the file
[10/04/2024 17:41:55] Info - Information recorded in the file
[10/04/2024 17:41:55] Info - Information recorded in the file
[10/04/2024 17:41:55] Info - Information recorded in the file
[10/04/2024 17:41:55] Info - Information recorded in the file
[10/04/2024 17:41:55] Info - Information recorded in the file
[10/04/2024 17:41:55] Info - Information recorded in the file
[10/04/2024 17:41:55] Info - Information recorded in the file
[10/04/2024 17:41:55] Info - Information recorded in the file
[10/04/2024 17:41:55] Info - Information recorded in the file
[10/04/2024 17:41:55] Info - Information recorded in the file
[10/04/2024 17:41:55] Info - Information recorded in the file
[10/04/2024 17:41:55] Info - Information recorded in the file
[10/04/2024 17:41:55] Info - Information recorded in the file
[10/04/2024 17:41:56] Info - Information recorded in the file
[10/04/2024 17:41:56] Info - Information recorded in the file
[10/04/2024 17:41:56] Info - Information recorded in the file
[10/04/2024 17:41:56] Info - Information recorded in the file
[10/04/2024 17:41:56] Info - Information recorded in the file
[10/04/2024 17:41:56] Info - Information recorded in the file
[10/04/2024 17:41:56] Info - Information recorded in the file
[10/04/2024 17:41:56] Info - Information recorded in the file
[10/04/2024 17:41:56] Info - Information recorded in the file
[10/04/2024 17:41:56] Info - Information recorded in the file
[10/04/2024 17:41:56] Info - Information recorded in the file
[10/04/2024 17:41:56] Info - Information recorded in the file
[10/04/2024 17:41:56] Info - Information recorded in the file
[10/04/2024 17:41:56] Info - Information recorded in the file
[10/04/2024 17:41:56] Info - Information recorded in the file
[10/04/2024 17:41:56] Info - Information recorded in the file
[10/04/2024 17:41:56] Info - Information recorded in the file
[10/04/2024 17:41:56] Info - Information recorded in the file
[10/04/2024 17:41:56] Info - Information recorded in the file
[10/04/2024 17:41:56] Info - Information recorded in the file
[10/04/2024 17:41:56] Info - Information recorded in the file
[10/04/2024 17:41:56] Info - Information recorded in the file
[10/04/2024 17:41:56] Info - Information recorded in the file
[10/04/2024 17:41:56] Info - Information recorded in the file
[10/04/2024 17:41:56] Info - Information recorded in the file
[10/04/2024 17:41:56] Info - Information recorded in the file
[10/04/2024 17:41:56] Info - Information recorded in the file
[10/04/2024 17:41:56] Info - Information recorded in the file
[10/04/2024 17:41:56] Info - Information recorded in the file
[10/04/2024 17:41:56] Info - Information recorded in the file
[10/04/2024 17:41:56] Info - Information recorded in the file
[10/04/2024 17:41:56] Info - Information recorded in the file
[10/04/2024 17:41:56] Info - Information recorded in the file
[10/04/2024 17:41:56] Info - Information recorded in the file
[10/04/2024 17:41:56] Info - Information recorded in the file
[10/04/2024 17:41:56] Info - Information recorded in the file
[10/04/2024 17:41:56] Info - Information recorded in the file
[10/04/2024 17:41:56] Info - Information recorded in the file
[10/04/2024 17:41:56] Info - Information recorded in the file
[10/04/2024 17:41:56] Info - Information recorded in the file
[10/04/2024 17:41:56] Info - Information recorded in the file
[10/04/2024 17:41:56] Info - Information recorded in the file
[10/04/2024 17:41:56] Info - Information recorded in the file
[10/04/2024 17:41:56] Info - Information recorded in the file
[10/04/2024 17:41:56] Info - Information recorded in the file
[10/04/2024 17:41:56] Info - Information recorded in the file
[10/04/2024 17:41:56] Info - Information recorded in the file
[10/04/2024 17:41:56] Info - Information recorded in the file
[10/04/2024 17:41:56] Info - Information recorded in the file
[10/04/2024 17:41:57] Info - Information recorded in the file
[10/04/2024 17:41:57] Info - Information recorded in the file
[10/04/2024 17:41:57] Info - Information recorded in the file
[10/04/2024 17:41:57] Info - Information recorded in the file
[10/04/2024 17:41:57] Info - Information recorded in the file
[10/04/2024 17:41:57] Info - Information recorded in the file
[10/04/2024 17:41:57] Info - Information recorded in the file
[10/04/2024 17:41:57] Info - Information recorded in the file
[10/04/2024 17:41:57] Info - Information recorded in the file
[10/04/2024 17:41:57] Info - Information recorded in the file
[10/04/2024 17:41:57] Info - Information recorded in the file
[10/04/2024 17:41:57] Info - Information recorded in the file
[10/04/2024 17:41:57] Info - Information recorded in the file
[10/04/2024 17:41:57] Info - Information recorded in the file
[10/04/2024 17:41:57] Info - Information recorded in the file
[10/04/2024 17:41:57] Info - Information recorded in the file
[10/04/2024 17:41:57] Info - Information recorded in the file
[10/04/2024 17:41:57] Info - Information recorded in the file
[10/04/2024 17:41:57] Info - Information recorded in the file
[10/04/2024 17:41:57] Info - Information recorded in the file
[10/04/2024 17:41:57] Info - Information recorded in the file
[10/04/2024 17:41:57] Info - Information recorded in the file
[10/04/2024 17:41:57] Info - Information recorded in the file
[10/04/2024 17:41:57] Info - Information recorded in the file
[10/04/2024 17:41:57] Info - Information recorded in the file
[10/04/2024 17:41:57] Info - Information recorded in the file
[10/04/2024 17:42:49] Info - Folder generated successfully
[10/04/2024 17:42:49] Info - Run server
[10/04/2024 17:42:49] Info - Information recorded in the file
[10/04/2024 17:42:49] Info - Information recorded in the file
[10/04/2024 17:42:49] Info - Information recorded in the file
[10/04/2024 17:42:49] Info - Information recorded in the file
[10/04/2024 17:42:49] Info - Information recorded in the file
[10/04/2024 17:42:49] Info - Information recorded in the file
[10/04/2024 17:42:50] Info - Information recorded in the file
[10/04/2024 17:42:50] Info - Information recorded in the file
[10/04/2024 17:42:50] Info - Information recorded in the file
[10/04/2024 17:42:50] Info - Information recorded in the file
[10/04/2024 17:42:50] Info - Information recorded in the file
[10/04/2024 17:42:50] Info - Information recorded in the file
[10/04/2024 17:42:50] Info - Information recorded in the file
[10/04/2024 17:42:50] Info - Information recorded in the file
[10/04/2024 17:42:50] Info - Information recorded in the file
[10/04/2024 17:42:50] Info - Information recorded in the file
[10/04/2024 17:42:50] Info - Information recorded in the file
[10/04/2024 17:42:50] Info - Information recorded in the file
[10/04/2024 17:42:50] Info - Information recorded in the file
[10/04/2024 17:42:50] Info - Information recorded in the file
[10/04/2024 17:42:50] Info - Information recorded in the file
[10/04/2024 17:42:50] Info - Information recorded in the file
[10/04/2024 17:42:50] Info - Information recorded in the file
[10/04/2024 17:42:50] Info - Information recorded in the file
[10/04/2024 17:42:50] Info - Information recorded in the file
[10/04/2024 17:42:50] Info - Information recorded in the file
[10/04/2024 17:42:50] Info - Information recorded in the file
[10/04/2024 17:42:50] Info - Information recorded in the file
[10/04/2024 17:42:50] Info - Information recorded in the file
[10/04/2024 17:42:50] Info - Information recorded in the file
[10/04/2024 17:42:50] Info - Information recorded in the file
[10/04/2024 17:42:50] Info - Information recorded in the file
[10/04/2024 17:42:50] Info - Information recorded in the file
[10/04/2024 17:42:50] Info - Information recorded in the file
[10/04/2024 17:42:50] Info - Information recorded in the file
[10/04/2024 17:42:50] Info - Information recorded in the file
[10/04/2024 17:42:50] Info - Information recorded in the file
[10/04/2024 17:42:50] Info - Information recorded in the file
[10/04/2024 17:42:50] Info - Information recorded in the file
[10/04/2024 17:42:50] Info - Information recorded in the file
[10/04/2024 17:42:50] Info - Information recorded in the file
[10/04/2024 17:42:50] Info - Information recorded in the file
[10/04/2024 17:42:50] Info - Information recorded in the file
[10/04/2024 17:42:50] Info - Information recorded in the file
[10/04/2024 17:42:50] Info - Information recorded in the file
[10/04/2024 17:42:50] Info - Information recorded in the file
[10/04/2024 17:42:50] Info - Information recorded in the file
[10/04/2024 17:42:50] Info - Information recorded in the file
[10/04/2024 17:42:51] Info - Information recorded in the file
[10/04/2024 17:42:51] Info - Information recorded in the file
[10/04/2024 17:42:51] Info - Information recorded in the file
[10/04/2024 17:42:51] Info - Information recorded in the file
[10/04/2024 17:42:51] Info - Information recorded in the file
[10/04/2024 17:42:51] Info - Information recorded in the file
[10/04/2024 17:42:51] Info - Information recorded in the file
[10/04/2024 17:42:51] Info - Information recorded in the file
[10/04/2024 17:42:51] Info - Information recorded in the file
[10/04/2024 17:42:51] Info - Information recorded in the file
[10/04/2024 17:42:51] Info - Information recorded in the file
[10/04/2024 17:42:51] Info - Information recorded in the file
[10/04/2024 17:42:51] Info - Information recorded in the file
[10/04/2024 17:42:51] Info - Information recorded in the file
[10/04/2024 17:42:51] Info - Information recorded in the file
[10/04/2024 17:42:51] Info - Information recorded in the file
[10/04/2024 17:42:51] Info - Information recorded in the file
[10/04/2024 17:42:51] Info - Information recorded in the file
[10/04/2024 17:42:51] Info - Information recorded in the file
[10/04/2024 17:42:51] Info - Information recorded in the file
[10/04/2024 17:42:51] Info - Information recorded in the file
[10/04/2024 17:42:51] Info - Information recorded in the file
[10/04/2024 17:42:51] Info - Information recorded in the file
[10/04/2024 17:42:51] Info - Information recorded in the file
[10/04/2024 17:42:51] Info - Information recorded in the file
[10/04/2024 17:42:51] Info - Information recorded in the file
[10/04/2024 17:42:51] Info - Information recorded in the file
[10/04/2024 17:44:05] Info - Folder generated successfully
[10/04/2024 17:44:05] Info - Run server
[10/04/2024 17:44:05] Info - Information recorded in the file
[10/04/2024 17:44:05] Info - Information recorded in the file
[10/04/2024 17:44:05] Info - Information recorded in the file
[10/04/2024 17:44:05] Info - Information recorded in the file
[10/04/2024 17:44:05] Info - Information recorded in the file
[10/04/2024 17:44:05] Info - Information recorded in the file
[10/04/2024 17:44:05] Info - Information recorded in the file
[10/04/2024 17:44:05] Info - Information recorded in the file
[10/04/2024 17:44:05] Info - Information recorded in the file
[10/04/2024 17:44:05] Info - Information recorded in the file
[10/04/2024 17:44:05] Info - Information recorded in the file
[10/04/2024 17:44:05] Info - Information recorded in the file
[10/04/2024 17:44:05] Info - Information recorded in the file
[10/04/2024 17:44:05] Info - Information recorded in the file
[10/04/2024 17:44:05] Info - Information recorded in the file
[10/04/2024 17:44:05] Info - Information recorded in the file
[10/04/2024 17:44:05] Info - Information recorded in the file
[10/04/2024 17:44:05] Info - Information recorded in the file
[10/04/2024 17:44:05] Info - Information recorded in the file
[10/04/2024 17:44:05] Info - Information recorded in the file
[10/04/2024 17:44:05] Info - Information recorded in the file
[10/04/2024 17:44:05] Info - Information recorded in the file
[10/04/2024 17:44:05] Info - Information recorded in the file
[10/04/2024 17:44:05] Info - Information recorded in the file
[10/04/2024 17:44:05] Info - Information recorded in the file
[10/04/2024 17:44:05] Info - Information recorded in the file
[10/04/2024 17:44:05] Info - Information recorded in the file
[10/04/2024 17:44:05] Info - Information recorded in the file
[10/04/2024 17:44:05] Info - Information recorded in the file
[10/04/2024 17:44:05] Info - Information recorded in the file
[10/04/2024 17:44:05] Info - Information recorded in the file
[10/04/2024 17:44:05] Info - Information recorded in the file
[10/04/2024 17:44:05] Info - Information recorded in the file
[10/04/2024 17:44:05] Info - Information recorded in the file
[10/04/2024 17:44:05] Info - Information recorded in the file
[10/04/2024 17:44:05] Info - Information recorded in the file
[10/04/2024 17:44:05] Info - Information recorded in the file
[10/04/2024 17:44:05] Info - Information recorded in the file
[10/04/2024 17:44:05] Info - Information recorded in the file
[10/04/2024 17:44:05] Info - Information recorded in the file
[10/04/2024 17:44:05] Info - Information recorded in the file
[10/04/2024 17:44:05] Info - Information recorded in the file
[10/04/2024 17:44:05] Info - Information recorded in the file
[10/04/2024 17:44:05] Info - Information recorded in the file
[10/04/2024 17:44:05] Info - Information recorded in the file
[10/04/2024 17:44:05] Info - Information recorded in the file
[10/04/2024 17:44:05] Info - Information recorded in the file
[10/04/2024 17:44:05] Info - Information recorded in the file
[10/04/2024 17:44:05] Info - Information recorded in the file
[10/04/2024 17:44:05] Info - Information recorded in the file
[10/04/2024 17:44:05] Info - Information recorded in the file
[10/04/2024 17:44:05] Info - Information recorded in the file
[10/04/2024 17:44:06] Info - Information recorded in the file
[10/04/2024 17:44:06] Info - Information recorded in the file
[10/04/2024 17:44:06] Info - Information recorded in the file
[10/04/2024 17:44:06] Info - Information recorded in the file
[10/04/2024 17:44:06] Info - Information recorded in the file
[10/04/2024 17:44:06] Info - Information recorded in the file
[10/04/2024 17:44:06] Info - Information recorded in the file
[10/04/2024 17:44:06] Info - Information recorded in the file
[10/04/2024 17:44:06] Info - Information recorded in the file
[10/04/2024 17:44:06] Info - Information recorded in the file
[10/04/2024 17:44:06] Info - Information recorded in the file
[10/04/2024 17:44:06] Info - Information recorded in the file
[10/04/2024 17:44:06] Info - Information recorded in the file
[10/04/2024 17:44:06] Info - Information recorded in the file
[10/04/2024 17:44:06] Info - Information recorded in the file
[10/04/2024 17:44:06] Info - Information recorded in the file
[10/04/2024 17:44:06] Info - Information recorded in the file
[10/04/2024 17:44:06] Info - Information recorded in the file
[10/04/2024 17:44:06] Info - Information recorded in the file
[10/04/2024 17:44:06] Info - Information recorded in the file
[10/04/2024 17:44:06] Info - Information recorded in the file
[10/04/2024 17:44:06] Info - Information recorded in the file
[10/04/2024 17:44:06] Info - Information recorded in the file
[10/04/2024 17:44:06] Info - Information recorded in the file
[10/04/2024 17:44:06] Info - Information recorded in the file
[10/04/2024 17:44:06] Info - Information recorded in the file
[10/04/2024 17:44:06] Info - Information recorded in the file
[10/04/2024 17:44:06] Info - Information recorded in the file
[10/04/2024 17:44:06] Info - Information recorded in the file
[10/04/2024 17:44:06] Info - Information recorded in the file
[10/04/2024 17:44:06] Info - Information recorded in the file
[10/04/2024 17:44:06] Info - Information recorded in the file
[10/04/2024 17:44:06] Info - Information recorded in the file
[10/04/2024 17:44:06] Info - Information recorded in the file
[10/04/2024 17:44:06] Info - Information recorded in the file
[10/04/2024 17:44:06] Info - Information recorded in the file
[10/04/2024 17:44:06] Info - Information recorded in the file
[10/04/2024 17:44:06] Info - Information recorded in the file
[10/04/2024 17:44:06] Info - Information recorded in the file
[10/04/2024 17:44:06] Info - Information recorded in the file
[10/04/2024 17:44:06] Info - Information recorded in the file
[10/04/2024 17:44:06] Info - Information recorded in the file
[10/04/2024 17:44:06] Info - Information recorded in the file
[10/04/2024 17:44:06] Info - Information recorded in the file
[10/04/2024 17:44:06] Info - Information recorded in the file
[10/04/2024 17:44:06] Info - Information recorded in the file
[10/04/2024 17:44:06] Info - Information recorded in the file
[10/04/2024 17:44:06] Info - Information recorded in the file
[10/04/2024 17:44:06] Info - Information recorded in the file
[10/04/2024 17:44:06] Info - Information recorded in the file
[10/04/2024 17:44:06] Info - Information recorded in the file
[10/04/2024 17:44:06] Info - Information recorded in the file
[10/04/2024 17:44:06] Info - Information recorded in the file
[10/04/2024 17:44:06] Info - Information recorded in the file
[10/04/2024 17:44:06] Info - Information recorded in the file
[10/04/2024 17:44:06] Info - Information recorded in the file
[10/04/2024 17:44:06] Info - Information recorded in the file
[10/04/2024 17:44:06] Info - Information recorded in the file
[10/04/2024 17:44:06] Info - Information recorded in the file
[10/04/2024 17:44:06] Info - Information recorded in the file
[10/04/2024 17:44:06] Info - Information recorded in the file
[10/04/2024 17:44:06] Info - Information recorded in the file
[10/04/2024 17:44:06] Info - Information recorded in the file
[10/04/2024 17:44:07] Info - Information recorded in the file
[10/04/2024 17:44:07] Info - Information recorded in the file
[10/04/2024 17:44:07] Info - Information recorded in the file
[10/04/2024 17:44:07] Info - Information recorded in the file
[10/04/2024 17:44:07] Info - Information recorded in the file
[10/04/2024 17:44:07] Info - Information recorded in the file
[10/04/2024 17:44:07] Info - Information recorded in the file
[10/04/2024 17:44:07] Info - Information recorded in the file
[10/04/2024 17:44:07] Info - Information recorded in the file
[10/04/2024 17:44:07] Info - Information recorded in the file
[10/04/2024 17:44:07] Info - Information recorded in the file
[10/04/2024 17:44:07] Info - Information recorded in the file
[10/04/2024 17:44:07] Info - Information recorded in the file
[10/04/2024 17:44:07] Info - Information recorded in the file
[10/04/2024 17:44:07] Info - Information recorded in the file
[10/04/2024 17:44:07] Info - Information recorded in the file
[10/04/2024 17:44:07] Info - Information recorded in the file
[10/04/2024 17:44:07] Info - Information recorded in the file
[10/04/2024 17:44:07] Info - Information recorded in the file
[10/04/2024 17:44:07] Info - Information recorded in the file
[10/04/2024 17:44:07] Info - Information recorded in the file
[10/04/2024 17:44:07] Info - Information recorded in the file
[10/04/2024 17:44:07] Info - Information recorded in the file
[10/04/2024 17:44:07] Info - Information recorded in the file
[10/04/2024 17:44:07] Info - Information recorded in the file
[10/04/2024 17:44:07] Info - Information recorded in the file
[10/04/2024 17:44:07] Info - Information recorded in the file
[10/04/2024 17:44:07] Info - Information recorded in the file
[10/04/2024 17:44:07] Info - Information recorded in the file
[10/04/2024 17:44:07] Info - Information recorded in the file
[10/04/2024 17:44:07] Info - Information recorded in the file
[10/04/2024 17:44:07] Info - Information recorded in the file
[10/04/2024 17:44:07] Info - Information recorded in the file
[10/04/2024 17:44:07] Info - Information recorded in the file
[10/04/2024 17:44:07] Info - Information recorded in the file
[10/04/2024 17:44:07] Info - Information recorded in the file
[10/04/2024 17:44:07] Info - Information recorded in the file
[10/04/2024 17:44:07] Info - Information recorded in the file
[10/04/2024 17:44:07] Info - Information recorded in the file
[10/04/2024 17:44:07] Info - Information recorded in the file
[10/04/2024 17:44:07] Info - Information recorded in the file
[10/04/2024 17:44:07] Info - Information recorded in the file
[10/04/2024 17:44:07] Info - Information recorded in the file
[10/04/2024 17:44:07] Info - Information recorded in the file
[10/04/2024 17:44:07] Info - Information recorded in the file
[10/04/2024 17:44:07] Info - Information recorded in the file
[10/04/2024 17:44:07] Info - Information recorded in the file
[10/04/2024 17:44:07] Info - Information recorded in the file
[10/04/2024 17:44:07] Info - Information recorded in the file
[10/04/2024 17:44:07] Info - Information recorded in the file
[10/04/2024 17:44:07] Info - Information recorded in the file
[10/04/2024 17:44:07] Info - Information recorded in the file
[10/04/2024 17:44:07] Info - Information recorded in the file
[10/04/2024 17:44:07] Info - Information recorded in the file
[10/04/2024 17:44:07] Info - Information recorded in the file
[10/04/2024 17:44:07] Info - Information recorded in the file
[10/04/2024 17:44:07] Info - Information recorded in the file
[10/04/2024 17:44:07] Info - Information recorded in the file
[10/04/2024 17:44:07] Info - Information recorded in the file
[10/04/2024 17:44:07] Info - Information recorded in the file
[10/04/2024 17:44:07] Info - Information recorded in the file
[10/04/2024 17:44:07] Info - Information recorded in the file
[10/04/2024 17:44:07] Info - Information recorded in the file
[10/04/2024 17:44:08] Info - Information recorded in the file
[10/04/2024 17:44:08] Info - Information recorded in the file
[10/04/2024 17:44:08] Info - Information recorded in the file
[10/04/2024 17:44:08] Info - Information recorded in the file
[10/04/2024 17:44:08] Info - Information recorded in the file
[10/04/2024 17:44:08] Info - Information recorded in the file
[10/04/2024 17:44:08] Info - Information recorded in the file
[10/04/2024 17:44:08] Info - Information recorded in the file
[10/04/2024 17:44:08] Info - Information recorded in the file
[10/04/2024 17:44:08] Info - Information recorded in the file
[10/04/2024 17:44:08] Info - Information recorded in the file
[10/04/2024 17:44:08] Info - Information recorded in the file
[10/04/2024 17:44:08] Info - Information recorded in the file
[10/04/2024 17:44:08] Info - Information recorded in the file
[10/04/2024 17:44:08] Info - Information recorded in the file
[10/04/2024 17:44:08] Info - Information recorded in the file
[10/04/2024 17:44:08] Info - Information recorded in the file
[10/04/2024 17:44:08] Info - Information recorded in the file
[10/04/2024 17:44:08] Info - Information recorded in the file
[10/04/2024 17:44:08] Info - Information recorded in the file
[10/04/2024 17:44:08] Info - Information recorded in the file
[10/04/2024 17:44:08] Info - Information recorded in the file
[10/04/2024 17:44:08] Info - Information recorded in the file
[10/04/2024 17:44:08] Info - Information recorded in the file
[10/04/2024 17:44:08] Info - Information recorded in the file
[10/04/2024 17:44:08] Info - Information recorded in the file
[10/04/2024 17:44:08] Info - Information recorded in the file
[10/04/2024 17:44:08] Info - Information recorded in the file
[10/04/2024 17:44:08] Info - Information recorded in the file
[10/04/2024 17:44:08] Info - Information recorded in the file
[10/04/2024 17:44:08] Info - Information recorded in the file
[10/04/2024 17:44:08] Info - Information recorded in the file
[10/04/2024 17:44:08] Info - Information recorded in the file
[10/04/2024 17:44:08] Info - Information recorded in the file
[10/04/2024 17:44:08] Info - Information recorded in the file
[10/04/2024 17:44:08] Info - Information recorded in the file
[10/04/2024 17:44:08] Info - Information recorded in the file
[10/04/2024 17:44:08] Info - Information recorded in the file
[10/04/2024 17:44:08] Info - Information recorded in the file
[10/04/2024 17:44:08] Info - Information recorded in the file
[10/04/2024 17:44:08] Info - Information recorded in the file
[10/04/2024 17:44:08] Info - Information recorded in the file
[10/04/2024 17:44:08] Info - Information recorded in the file
[10/04/2024 17:44:08] Info - Information recorded in the file
[10/04/2024 17:44:08] Info - Information recorded in the file
[10/04/2024 17:44:08] Info - Information recorded in the file
[10/04/2024 17:44:08] Info - Information recorded in the file
[10/04/2024 17:44:08] Info - Information recorded in the file
[10/04/2024 17:44:08] Info - Information recorded in the file
[10/04/2024 17:44:08] Info - Information recorded in the file
[10/04/2024 17:44:08] Info - Information recorded in the file
[10/04/2024 17:44:08] Info - Information recorded in the file
[10/04/2024 17:44:08] Info - Information recorded in the file
[10/04/2024 17:44:08] Info - Information recorded in the file
[10/04/2024 17:44:08] Info - Information recorded in the file
[10/04/2024 17:44:08] Info - Information recorded in the file
[10/04/2024 17:44:08] Info - Information recorded in the file
[10/04/2024 17:44:08] Info - Information recorded in the file
[10/04/2024 17:44:08] Info - Information recorded in the file
[10/04/2024 17:44:08] Info - Information recorded in the file
[10/04/2024 17:44:08] Info - Information recorded in the file
[10/04/2024 17:44:08] Info - Information recorded in the file
[10/04/2024 17:44:09] Info - Information recorded in the file
[10/04/2024 17:44:09] Info - Information recorded in the file
[10/04/2024 17:44:09] Info - Information recorded in the file
[10/04/2024 17:44:09] Info - Information recorded in the file
[10/04/2024 17:44:09] Info - Information recorded in the file
[10/04/2024 17:44:09] Info - Information recorded in the file
[10/04/2024 17:44:09] Info - Information recorded in the file
[10/04/2024 17:44:09] Info - Information recorded in the file
[10/04/2024 17:44:09] Info - Information recorded in the file
[10/04/2024 17:44:09] Info - Information recorded in the file
[10/04/2024 17:44:09] Info - Information recorded in the file
[10/04/2024 17:44:09] Info - Information recorded in the file
[10/04/2024 17:44:09] Info - Information recorded in the file
[10/04/2024 17:44:09] Info - Information recorded in the file
[10/04/2024 17:44:09] Info - Information recorded in the file
[10/04/2024 17:44:09] Info - Information recorded in the file
[10/04/2024 17:44:09] Info - Information recorded in the file
[10/04/2024 17:44:09] Info - Information recorded in the file
[10/04/2024 17:44:09] Info - Information recorded in the file
[10/04/2024 17:44:09] Info - Information recorded in the file
[10/04/2024 17:44:09] Info - Information recorded in the file
[10/04/2024 17:44:09] Info - Information recorded in the file
[10/04/2024 17:44:09] Info - Information recorded in the file
[10/04/2024 17:44:09] Info - Information recorded in the file
[10/04/2024 17:44:09] Info - Information recorded in the file
[10/04/2024 17:44:09] Info - Information recorded in the file
[10/04/2024 17:44:09] Info - Information recorded in the file
[10/04/2024 17:44:09] Info - Information recorded in the file
[10/04/2024 17:44:09] Info - Information recorded in the file
[10/04/2024 17:44:09] Info - Information recorded in the file
[10/04/2024 17:44:09] Info - Information recorded in the file
[10/04/2024 17:44:09] Info - Information recorded in the file
[10/04/2024 17:44:09] Info - Information recorded in the file
[10/04/2024 17:44:09] Info - Information recorded in the file
[10/04/2024 17:44:09] Info - Information recorded in the file
[10/04/2024 17:44:09] Info - Information recorded in the file
[10/04/2024 17:44:09] Info - Information recorded in the file
[10/04/2024 17:44:09] Info - Information recorded in the file
[10/04/2024 17:44:09] Info - Information recorded in the file
[10/04/2024 17:44:09] Info - Information recorded in the file
[10/04/2024 17:44:09] Info - Information recorded in the file
[10/04/2024 17:44:09] Info - Information recorded in the file
[10/04/2024 17:44:09] Info - Information recorded in the file
[10/04/2024 17:44:09] Info - Information recorded in the file
[10/04/2024 17:44:09] Info - Information recorded in the file
[10/04/2024 17:44:09] Info - Information recorded in the file
[10/04/2024 17:44:09] Info - Information recorded in the file
[10/04/2024 17:44:09] Info - Information recorded in the file
[10/04/2024 17:44:09] Info - Information recorded in the file
[10/04/2024 17:44:09] Info - Information recorded in the file
[10/04/2024 17:44:09] Info - Information recorded in the file
[10/04/2024 17:44:09] Info - Information recorded in the file
[10/04/2024 17:44:09] Info - Information recorded in the file
[10/04/2024 17:44:09] Info - Information recorded in the file
[10/04/2024 17:44:09] Info - Information recorded in the file
[10/04/2024 17:44:09] Info - Information recorded in the file
[10/04/2024 17:44:09] Info - Information recorded in the file
[10/04/2024 17:44:09] Info - Information recorded in the file
[10/04/2024 17:44:09] Info - Information recorded in the file
[10/04/2024 17:44:09] Info - Information recorded in the file
[10/04/2024 17:44:10] Info - Information recorded in the file
[10/04/2024 17:44:10] Info - Information recorded in the file
[10/04/2024 17:44:10] Info - Information recorded in the file
[10/04/2024 17:44:10] Info - Information recorded in the file
[10/04/2024 17:44:10] Info - Information recorded in the file
[10/04/2024 17:44:10] Info - Information recorded in the file
[10/04/2024 17:44:10] Info - Information recorded in the file
[10/04/2024 17:44:10] Info - Information recorded in the file
[10/04/2024 17:44:10] Info - Information recorded in the file
[10/04/2024 17:44:10] Info - Information recorded in the file
[10/04/2024 17:44:10] Info - Information recorded in the file
[10/04/2024 17:44:10] Info - Information recorded in the file
[10/04/2024 17:44:10] Info - Information recorded in the file
[10/04/2024 17:44:10] Info - Information recorded in the file
[10/04/2024 17:44:10] Info - Information recorded in the file
[10/04/2024 17:44:10] Info - Information recorded in the file
[10/04/2024 17:44:10] Info - Information recorded in the file
[10/04/2024 17:44:10] Info - Information recorded in the file
[10/04/2024 17:44:10] Info - Information recorded in the file
[10/04/2024 17:44:10] Info - Information recorded in the file
[10/04/2024 17:44:10] Info - Information recorded in the file
[10/04/2024 17:44:10] Info - Information recorded in the file
[10/04/2024 17:44:10] Info - Information recorded in the file
[10/04/2024 17:44:10] Info - Information recorded in the file
[10/04/2024 17:44:10] Info - Information recorded in the file
[10/04/2024 17:44:10] Info - Information recorded in the file
[10/04/2024 17:44:10] Info - Information recorded in the file
[10/04/2024 17:44:10] Info - Information recorded in the file
[10/04/2024 17:44:10] Info - Information recorded in the file
[10/04/2024 17:44:10] Info - Information recorded in the file
[10/04/2024 17:44:10] Info - Information recorded in the file
[10/04/2024 17:44:10] Info - Information recorded in the file
[10/04/2024 17:44:10] Info - Information recorded in the file
[10/04/2024 17:44:10] Info - Information recorded in the file
[10/04/2024 17:44:10] Info - Information recorded in the file
[10/04/2024 17:44:10] Info - Information recorded in the file
[10/04/2024 17:44:10] Info - Information recorded in the file
[10/04/2024 17:44:10] Info - Information recorded in the file
[10/04/2024 17:44:10] Info - Information recorded in the file
[10/04/2024 17:44:10] Info - Information recorded in the file
[10/04/2024 17:44:10] Info - Information recorded in the file
[10/04/2024 17:44:10] Info - Information recorded in the file
[10/04/2024 17:44:10] Info - Information recorded in the file
[10/04/2024 17:44:10] Info - Information recorded in the file
[10/04/2024 17:44:10] Info - Information recorded in the file
[10/04/2024 17:44:10] Info - Information recorded in the file
[10/04/2024 17:44:10] Info - Information recorded in the file
[10/04/2024 17:44:10] Info - Information recorded in the file
[10/04/2024 17:44:10] Info - Information recorded in the file
[10/04/2024 17:44:10] Info - Information recorded in the file
[10/04/2024 17:44:10] Info - Information recorded in the file
[10/04/2024 17:44:10] Info - Information recorded in the file
[10/04/2024 17:44:10] Info - Information recorded in the file
[10/04/2024 17:44:10] Info - Information recorded in the file
[10/04/2024 17:44:10] Info - Information recorded in the file
[10/04/2024 17:44:10] Info - Information recorded in the file
[10/04/2024 17:44:11] Info - Information recorded in the file
[10/04/2024 17:44:11] Info - Information recorded in the file
[10/04/2024 17:44:11] Info - Information recorded in the file
[10/04/2024 17:44:11] Info - Information recorded in the file
[10/04/2024 17:44:11] Info - Information recorded in the file
[10/04/2024 17:44:11] Info - Information recorded in the file
[10/04/2024 17:44:11] Info - Information recorded in the file
[10/04/2024 17:44:11] Info - Information recorded in the file
[10/04/2024 17:44:11] Info - Information recorded in the file
[10/04/2024 17:44:11] Info - Information recorded in the file
[10/04/2024 17:44:11] Info - Information recorded in the file
[10/04/2024 17:44:11] Info - Information recorded in the file
[10/04/2024 17:44:11] Info - Information recorded in the file
[10/04/2024 17:44:11] Info - Information recorded in the file
[10/04/2024 17:44:11] Info - Information recorded in the file
[10/04/2024 17:44:11] Info - Information recorded in the file
[10/04/2024 17:44:11] Info - Information recorded in the file
[10/04/2024 17:44:11] Info - Information recorded in the file
[10/04/2024 17:44:11] Info - Information recorded in the file
[10/04/2024 17:44:11] Info - Information recorded in the file
[10/04/2024 17:44:11] Info - Information recorded in the file
[10/04/2024 17:44:11] Info - Information recorded in the file
[10/04/2024 17:44:11] Info - Information recorded in the file
[10/04/2024 17:44:11] Info - Information recorded in the file
[10/04/2024 17:44:11] Info - Information recorded in the file
[10/04/2024 17:44:11] Info - Information recorded in the file
[10/04/2024 17:44:11] Info - Information recorded in the file
[10/04/2024 17:44:11] Info - Information recorded in the file
[10/04/2024 17:44:11] Info - Information recorded in the file
[10/04/2024 17:44:11] Info - Information recorded in the file
[10/04/2024 17:44:11] Info - Information recorded in the file
[10/04/2024 17:44:11] Info - Information recorded in the file
[10/04/2024 17:44:11] Info - Information recorded in the file
[10/04/2024 17:44:11] Info - Information recorded in the file
[10/04/2024 17:44:11] Info - Information recorded in the file
[10/04/2024 17:44:11] Info - Information recorded in the file
[10/04/2024 17:44:11] Info - Information recorded in the file
[10/04/2024 17:44:11] Info - Information recorded in the file
[10/04/2024 17:44:11] Info - Information recorded in the file
[10/04/2024 17:44:11] Info - Information recorded in the file
[10/04/2024 17:44:11] Info - Information recorded in the file
[10/04/2024 17:44:11] Info - Information recorded in the file
[10/04/2024 17:44:11] Info - Information recorded in the file
[10/04/2024 17:44:12] Info - Information recorded in the file
[10/04/2024 17:44:12] Info - Information recorded in the file
[10/04/2024 17:44:12] Info - Information recorded in the file
[10/04/2024 17:44:12] Info - Information recorded in the file
[10/04/2024 17:44:12] Info - Information recorded in the file
[10/04/2024 17:44:12] Info - Information recorded in the file
[10/04/2024 17:44:12] Info - Information recorded in the file
[10/04/2024 17:44:12] Info - Information recorded in the file
[10/04/2024 17:44:12] Info - Information recorded in the file
[10/04/2024 17:44:12] Info - Information recorded in the file
[10/04/2024 17:44:12] Info - Information recorded in the file
[10/04/2024 17:44:12] Info - Information recorded in the file
[10/04/2024 17:44:12] Info - Information recorded in the file
[10/04/2024 17:44:12] Info - Information recorded in the file
[10/04/2024 17:44:12] Info - Information recorded in the file
[10/04/2024 17:44:12] Info - Information recorded in the file
[10/04/2024 17:44:12] Info - Information recorded in the file
[10/04/2024 17:44:12] Info - Information recorded in the file
[10/04/2024 17:44:12] Info - Information recorded in the file
[10/04/2024 17:44:12] Info - Information recorded in the file
[10/04/2024 17:44:12] Info - Information recorded in the file
[10/04/2024 17:44:12] Info - Information recorded in the file
[10/04/2024 17:44:12] Info - Information recorded in the file
[10/04/2024 17:44:12] Info - Information recorded in the file
[10/04/2024 17:44:12] Info - Information recorded in the file
[10/04/2024 17:44:12] Info - Information recorded in the file
[10/04/2024 17:44:12] Info - Information recorded in the file
[10/04/2024 17:44:12] Info - Information recorded in the file
[10/04/2024 17:44:12] Info - Information recorded in the file
[10/04/2024 17:44:12] Info - Information recorded in the file
[10/04/2024 17:44:12] Info - Information recorded in the file
[10/04/2024 17:44:12] Info - Information recorded in the file
[10/04/2024 17:44:12] Info - Information recorded in the file
[10/04/2024 17:44:12] Info - Information recorded in the file
[10/04/2024 17:44:12] Info - Information recorded in the file
[10/04/2024 17:44:12] Info - Information recorded in the file
[10/04/2024 17:44:12] Info - Information recorded in the file
[10/04/2024 17:44:12] Info - Information recorded in the file
[10/04/2024 17:44:12] Info - Information recorded in the file
[10/04/2024 17:44:12] Info - Information recorded in the file
[10/04/2024 17:44:12] Info - Information recorded in the file
[10/04/2024 17:44:12] Info - Information recorded in the file
[10/04/2024 17:44:12] Info - Information recorded in the file
[10/04/2024 17:44:12] Info - Information recorded in the file
[10/04/2024 17:44:12] Info - Information recorded in the file
[10/04/2024 17:44:12] Info - Information recorded in the file
[10/04/2024 17:44:12] Info - Information recorded in the file
[10/04/2024 17:44:12] Info - Information recorded in the file
[10/04/2024 17:44:12] Info - Information recorded in the file
[10/04/2024 17:44:12] Info - Information recorded in the file
[10/04/2024 17:44:13] Info - Information recorded in the file
[10/04/2024 17:44:13] Info - Information recorded in the file
[10/04/2024 17:44:13] Info - Information recorded in the file
[10/04/2024 17:44:13] Info - Information recorded in the file
[10/04/2024 17:44:13] Info - Information recorded in the file
[10/04/2024 17:44:13] Info - Information recorded in the file
[10/04/2024 17:44:13] Info - Information recorded in the file
[10/04/2024 17:44:13] Info - Information recorded in the file
[10/04/2024 17:44:13] Info - Information recorded in the file
[10/04/2024 17:44:13] Info - Information recorded in the file
[10/04/2024 17:44:13] Info - Information recorded in the file
[10/04/2024 17:44:13] Info - Information recorded in the file
[10/04/2024 17:44:13] Info - Information recorded in the file
[10/04/2024 17:44:13] Info - Information recorded in the file
[10/04/2024 17:44:13] Info - Information recorded in the file
[10/04/2024 17:44:13] Info - Information recorded in the file
[10/04/2024 17:44:13] Info - Information recorded in the file
[10/04/2024 17:44:13] Info - Information recorded in the file
[10/04/2024 17:44:13] Info - Information recorded in the file
[10/04/2024 17:44:13] Info - Information recorded in the file
[10/04/2024 17:44:13] Info - Information recorded in the file
[10/04/2024 17:44:13] Info - Information recorded in the file
[10/04/2024 17:44:13] Info - Information recorded in the file
[10/04/2024 17:44:13] Info - Information recorded in the file
[10/04/2024 17:44:13] Info - Information recorded in the file
[10/04/2024 17:44:13] Info - Information recorded in the file
[10/04/2024 17:44:13] Info - Information recorded in the file
[10/04/2024 17:44:13] Info - Information recorded in the file
[10/04/2024 17:44:13] Info - Information recorded in the file
[10/04/2024 17:44:13] Info - Information recorded in the file
[10/04/2024 17:44:13] Info - Information recorded in the file
[10/04/2024 17:44:13] Info - Information recorded in the file
[10/04/2024 17:44:13] Info - Information recorded in the file
[10/04/2024 17:44:13] Info - Information recorded in the file
[10/04/2024 17:44:13] Info - Information recorded in the file
[10/04/2024 17:44:13] Info - Information recorded in the file
[10/04/2024 17:44:13] Info - Information recorded in the file
[10/04/2024 17:44:13] Info - Information recorded in the file
[10/04/2024 17:44:13] Info - Information recorded in the file
[10/04/2024 17:44:13] Info - Information recorded in the file
[10/04/2024 17:44:13] Info - Information recorded in the file
[10/04/2024 17:44:13] Info - Information recorded in the file
[10/04/2024 17:44:13] Info - Information recorded in the file
[10/04/2024 17:44:13] Info - Information recorded in the file
[10/04/2024 17:44:13] Info - Information recorded in the file
[10/04/2024 17:44:13] Info - Information recorded in the file
[10/04/2024 17:44:13] Info - Information recorded in the file
[10/04/2024 17:44:13] Info - Information recorded in the file
[10/04/2024 17:44:13] Info - Information recorded in the file
[10/04/2024 17:44:13] Info - Information recorded in the file
[10/04/2024 17:44:13] Info - Information recorded in the file
[10/04/2024 17:44:13] Info - Information recorded in the file
[10/04/2024 17:44:13] Info - Information recorded in the file
[10/04/2024 17:44:13] Info - Information recorded in the file
[10/04/2024 17:44:14] Info - Information recorded in the file
[10/04/2024 17:44:14] Info - Information recorded in the file
[10/04/2024 17:44:14] Info - Information recorded in the file
[10/04/2024 17:44:14] Info - Information recorded in the file
[10/04/2024 17:44:14] Info - Information recorded in the file
[10/04/2024 17:44:14] Info - Information recorded in the file
[10/04/2024 17:44:14] Info - Information recorded in the file
[10/04/2024 17:44:14] Info - Information recorded in the file
[10/04/2024 17:44:14] Info - Information recorded in the file
[10/04/2024 17:44:14] Info - Information recorded in the file
[10/04/2024 17:44:14] Info - Information recorded in the file
[10/04/2024 17:44:14] Info - Information recorded in the file
[10/04/2024 17:44:14] Info - Information recorded in the file
[10/04/2024 17:44:14] Info - Information recorded in the file
[10/04/2024 17:44:14] Info - Information recorded in the file
[10/04/2024 17:44:14] Info - Information recorded in the file
[10/04/2024 17:44:14] Info - Information recorded in the file
[10/04/2024 17:44:14] Info - Information recorded in the file
[10/04/2024 17:44:14] Info - Information recorded in the file
[10/04/2024 17:44:14] Info - Information recorded in the file
[10/04/2024 17:44:14] Info - Information recorded in the file
[10/04/2024 17:44:14] Info - Information recorded in the file
[10/04/2024 17:44:14] Info - Information recorded in the file
[10/04/2024 17:44:14] Info - Information recorded in the file
[10/04/2024 17:44:14] Info - Information recorded in the file
[10/04/2024 17:44:14] Info - Information recorded in the file
[10/04/2024 17:44:14] Info - Information recorded in the file
[10/04/2024 17:44:14] Info - Information recorded in the file
[10/04/2024 17:44:14] Info - Information recorded in the file
[10/04/2024 17:44:14] Info - Information recorded in the file
[10/04/2024 17:44:14] Info - Information recorded in the file
[10/04/2024 17:44:14] Info - Information recorded in the file
[10/04/2024 17:44:14] Info - Information recorded in the file
[10/04/2024 17:44:14] Info - Information recorded in the file
[10/04/2024 17:44:14] Info - Information recorded in the file
[10/04/2024 17:44:14] Info - Information recorded in the file
[10/04/2024 17:44:14] Info - Information recorded in the file
[10/04/2024 17:44:14] Info - Information recorded in the file
[10/04/2024 17:44:14] Info - Information recorded in the file
[10/04/2024 17:44:14] Info - Information recorded in the file
[10/04/2024 17:44:14] Info - Information recorded in the file
[10/04/2024 17:44:14] Info - Information recorded in the file
[10/04/2024 17:44:14] Info - Information recorded in the file
[10/04/2024 17:44:14] Info - Information recorded in the file
[10/04/2024 17:44:14] Info - Information recorded in the file
[10/04/2024 17:44:15] Info - Information recorded in the file
[10/04/2024 17:44:15] Info - Information recorded in the file
[10/04/2024 17:44:15] Info - Information recorded in the file
[10/04/2024 17:44:15] Info - Information recorded in the file
[10/04/2024 17:44:15] Info - Information recorded in the file
[10/04/2024 17:44:15] Info - Information recorded in the file
[10/04/2024 17:44:15] Info - Information recorded in the file
[10/04/2024 17:44:15] Info - Information recorded in the file
[10/04/2024 17:44:15] Info - Information recorded in the file
[10/04/2024 17:44:15] Info - Information recorded in the file
[10/04/2024 17:44:15] Info - Information recorded in the file
[10/04/2024 17:44:15] Info - Information recorded in the file
[10/04/2024 17:44:15] Info - Information recorded in the file
[10/04/2024 17:44:15] Info - Information recorded in the file
[10/04/2024 17:44:15] Info - Information recorded in the file
[10/04/2024 17:44:15] Info - Information recorded in the file
[10/04/2024 17:44:15] Info - Information recorded in the file
[10/04/2024 17:44:15] Info - Information recorded in the file
[10/04/2024 17:44:15] Info - Information recorded in the file
[10/04/2024 17:44:15] Info - Information recorded in the file
[10/04/2024 17:44:15] Info - Information recorded in the file
[10/04/2024 17:44:15] Info - Information recorded in the file
[10/04/2024 17:44:15] Info - Information recorded in the file
[10/04/2024 17:44:15] Info - Information recorded in the file
[10/04/2024 17:44:15] Info - Information recorded in the file
[10/04/2024 17:44:15] Info - Information recorded in the file
[10/04/2024 17:44:15] Info - Information recorded in the file
[10/04/2024 17:44:15] Info - Information recorded in the file
[10/04/2024 17:44:15] Info - Information recorded in the file
[10/04/2024 17:44:15] Info - Information recorded in the file
[10/04/2024 17:44:15] Info - Information recorded in the file
[10/04/2024 17:44:15] Info - Information recorded in the file
[10/04/2024 17:44:15] Info - Information recorded in the file
[10/04/2024 17:44:15] Info - Information recorded in the file
[10/04/2024 17:44:15] Info - Information recorded in the file
[10/04/2024 17:44:15] Info - Information recorded in the file
[10/04/2024 17:44:15] Info - Information recorded in the file
[10/04/2024 17:44:15] Info - Information recorded in the file
[10/04/2024 17:44:15] Info - Information recorded in the file
[10/04/2024 17:44:15] Info - Information recorded in the file
[10/04/2024 17:44:15] Info - Information recorded in the file
[10/04/2024 17:44:15] Info - Information recorded in the file
[10/04/2024 17:44:15] Info - Information recorded in the file
[10/04/2024 17:44:15] Info - Information recorded in the file
[10/04/2024 17:44:15] Info - Information recorded in the file
[10/04/2024 17:44:16] Info - Information recorded in the file
[10/04/2024 17:44:16] Info - Information recorded in the file
[10/04/2024 17:44:16] Info - Information recorded in the file
[10/04/2024 17:44:16] Info - Information recorded in the file
[10/04/2024 17:44:16] Info - Information recorded in the file
[10/04/2024 17:44:16] Info - Information recorded in the file
[10/04/2024 17:44:16] Info - Information recorded in the file
[10/04/2024 17:44:16] Info - Information recorded in the file
[10/04/2024 17:44:16] Info - Information recorded in the file
[10/04/2024 17:44:16] Info - Information recorded in the file
[10/04/2024 17:44:16] Info - Information recorded in the file
[10/04/2024 17:44:16] Info - Information recorded in the file
[10/04/2024 17:44:16] Info - Information recorded in the file
[10/04/2024 17:44:16] Info - Information recorded in the file
[10/04/2024 17:44:16] Info - Information recorded in the file
[10/04/2024 17:44:16] Info - Information recorded in the file
[10/04/2024 17:44:16] Info - Information recorded in the file
[10/04/2024 17:44:16] Info - Information recorded in the file
[10/04/2024 17:44:16] Info - Information recorded in the file
[10/04/2024 17:44:16] Info - Information recorded in the file
[10/04/2024 17:44:16] Info - Information recorded in the file
[10/04/2024 17:44:16] Info - Information recorded in the file
[10/04/2024 17:44:16] Info - Information recorded in the file
[10/04/2024 17:44:16] Info - Information recorded in the file
[10/04/2024 17:44:16] Info - Information recorded in the file
[10/04/2024 17:44:16] Info - Information recorded in the file
[10/04/2024 17:44:16] Info - Information recorded in the file
[10/04/2024 17:44:16] Info - Information recorded in the file
[10/04/2024 17:44:16] Info - Information recorded in the file
[10/04/2024 17:44:16] Info - Information recorded in the file
[10/04/2024 17:44:16] Info - Information recorded in the file
[10/04/2024 17:44:16] Info - Information recorded in the file
[10/04/2024 17:44:16] Info - Information recorded in the file
[10/04/2024 17:44:16] Info - Information recorded in the file
[10/04/2024 17:44:16] Info - Information recorded in the file
[10/04/2024 17:44:16] Info - Information recorded in the file
[10/04/2024 17:44:16] Info - Information recorded in the file
[10/04/2024 17:44:16] Info - Information recorded in the file
[10/04/2024 17:44:16] Info - Information recorded in the file
[10/04/2024 17:44:16] Info - Information recorded in the file
[10/04/2024 17:44:16] Info - Information recorded in the file
[10/04/2024 17:44:16] Info - Information recorded in the file
[10/04/2024 17:44:16] Info - Information recorded in the file
[10/04/2024 17:44:16] Info - Information recorded in the file
[10/04/2024 17:44:16] Info - Information recorded in the file
[10/04/2024 17:44:17] Info - Information recorded in the file
[10/04/2024 17:44:17] Info - Information recorded in the file
[10/04/2024 17:44:17] Info - Information recorded in the file
[10/04/2024 17:44:17] Info - Information recorded in the file
[10/04/2024 17:44:17] Info - Information recorded in the file
[10/04/2024 17:44:17] Info - Information recorded in the file
[10/04/2024 17:44:17] Info - Information recorded in the file
[10/04/2024 17:44:17] Info - Information recorded in the file
[10/04/2024 17:44:17] Info - Information recorded in the file
[10/04/2024 17:44:17] Info - Information recorded in the file
[10/04/2024 17:44:17] Info - Information recorded in the file
[10/04/2024 17:44:17] Info - Information recorded in the file
[10/04/2024 17:44:17] Info - Information recorded in the file
[10/04/2024 17:44:17] Info - Information recorded in the file
[10/04/2024 17:44:17] Info - Information recorded in the file
[10/04/2024 17:44:17] Info - Information recorded in the file
[10/04/2024 17:44:17] Info - Information recorded in the file
[10/04/2024 17:44:17] Info - Information recorded in the file
[10/04/2024 17:44:17] Info - Information recorded in the file
[10/04/2024 17:44:17] Info - Information recorded in the file
[10/04/2024 17:44:17] Info - Information recorded in the file
[10/04/2024 17:45:30] Info - Folder generated successfully
[10/04/2024 17:45:30] Info - Run server
[10/04/2024 17:45:30] Info - Information recorded in the file
[10/04/2024 17:45:30] Info - Information recorded in the file
[10/04/2024 17:45:30] Info - Information recorded in the file
[10/04/2024 17:45:30] Info - Information recorded in the file
[10/04/2024 17:45:30] Info - Information recorded in the file
[10/04/2024 17:45:30] Info - Information recorded in the file
[10/04/2024 17:45:30] Info - Information recorded in the file
[10/04/2024 17:45:30] Info - Information recorded in the file
[10/04/2024 17:45:30] Info - Information recorded in the file
[10/04/2024 17:45:30] Info - Information recorded in the file
[10/04/2024 17:45:30] Info - Information recorded in the file
[10/04/2024 17:45:30] Info - Information recorded in the file
[10/04/2024 17:45:31] Info - Information recorded in the file
[10/04/2024 17:45:31] Info - Information recorded in the file
[10/04/2024 17:45:31] Info - Information recorded in the file
[10/04/2024 17:45:31] Info - Information recorded in the file
[10/04/2024 17:45:31] Info - Information recorded in the file
[10/04/2024 17:45:31] Info - Information recorded in the file
[10/04/2024 17:45:31] Info - Information recorded in the file
[10/04/2024 17:45:31] Info - Information recorded in the file
[10/04/2024 17:45:31] Info - Information recorded in the file
[10/04/2024 17:45:31] Info - Information recorded in the file
[10/04/2024 17:45:31] Info - Information recorded in the file
[10/04/2024 17:45:31] Info - Information recorded in the file
[10/04/2024 17:45:31] Info - Information recorded in the file
[10/04/2024 17:45:31] Info - Information recorded in the file
[10/04/2024 17:45:31] Info - Information recorded in the file
[10/04/2024 17:45:31] Info - Information recorded in the file
[10/04/2024 17:45:31] Info - Information recorded in the file
[10/04/2024 17:45:31] Info - Information recorded in the file
[10/04/2024 17:45:31] Info - Information recorded in the file
[10/04/2024 17:45:31] Info - Information recorded in the file
[10/04/2024 17:45:31] Info - Information recorded in the file
[10/04/2024 17:45:31] Info - Information recorded in the file
[10/04/2024 17:45:31] Info - Information recorded in the file
[10/04/2024 17:45:31] Info - Information recorded in the file
[10/04/2024 17:45:31] Info - Information recorded in the file
[10/04/2024 17:45:31] Info - Information recorded in the file
[10/04/2024 17:45:31] Info - Information recorded in the file
[10/04/2024 17:45:31] Info - Information recorded in the file
[10/04/2024 17:45:31] Info - Information recorded in the file
[10/04/2024 17:45:31] Info - Information recorded in the file
[10/04/2024 17:45:31] Info - Information recorded in the file
[10/04/2024 17:45:31] Info - Information recorded in the file
[10/04/2024 17:45:31] Info - Information recorded in the file
[10/04/2024 17:45:31] Info - Information recorded in the file
[10/04/2024 17:45:31] Info - Information recorded in the file
[10/04/2024 17:45:31] Info - Information recorded in the file
[10/04/2024 17:45:31] Info - Information recorded in the file
[10/04/2024 17:45:31] Info - Information recorded in the file
[10/04/2024 17:45:31] Info - Information recorded in the file
[10/04/2024 17:45:31] Info - Information recorded in the file
[10/04/2024 17:45:32] Info - Information recorded in the file
[10/04/2024 17:45:32] Info - Information recorded in the file
[10/04/2024 17:45:32] Info - Information recorded in the file
[10/04/2024 17:45:32] Info - Information recorded in the file
[10/04/2024 17:45:32] Info - Information recorded in the file
[10/04/2024 17:45:32] Info - Information recorded in the file
[10/04/2024 17:45:32] Info - Information recorded in the file
[10/04/2024 17:45:32] Info - Information recorded in the file
[10/04/2024 17:45:32] Info - Information recorded in the file
[10/04/2024 17:45:32] Info - Information recorded in the file
[10/04/2024 17:45:32] Info - Information recorded in the file
[10/04/2024 17:45:32] Info - Information recorded in the file
[10/04/2024 17:45:32] Info - Information recorded in the file
[10/04/2024 17:45:32] Info - Information recorded in the file
[10/04/2024 17:45:32] Info - Information recorded in the file
[10/04/2024 17:45:32] Info - Information recorded in the file
[10/04/2024 17:45:32] Info - Information recorded in the file
[10/04/2024 17:45:32] Info - Information recorded in the file
[10/04/2024 17:45:32] Info - Information recorded in the file
[10/04/2024 17:45:32] Info - Information recorded in the file
[10/04/2024 17:45:32] Info - Information recorded in the file
[10/04/2024 17:45:32] Info - Information recorded in the file
[10/04/2024 17:45:32] Info - Information recorded in the file
[10/04/2024 17:45:32] Info - Information recorded in the file
[10/04/2024 17:45:32] Info - Information recorded in the file
[10/04/2024 17:45:32] Info - Information recorded in the file
[10/04/2024 17:45:32] Info - Information recorded in the file
[10/04/2024 17:45:32] Info - Information recorded in the file
[10/04/2024 17:45:32] Info - Information recorded in the file
[10/04/2024 17:45:32] Info - Information recorded in the file
[10/04/2024 17:45:32] Info - Information recorded in the file
[10/04/2024 17:45:49] Info - Folder generated successfully
[10/04/2024 17:45:49] Info - Run server
[10/04/2024 17:45:50] Info - Information recorded in the file
[10/04/2024 17:45:50] Info - Information recorded in the file
[10/04/2024 17:45:50] Info - Information recorded in the file
[10/04/2024 17:45:50] Info - Information recorded in the file
[10/04/2024 17:45:50] Info - Information recorded in the file
[10/04/2024 17:45:50] Info - Information recorded in the file
[10/04/2024 17:45:50] Info - Information recorded in the file
[10/04/2024 17:45:50] Info - Information recorded in the file
[10/04/2024 17:45:50] Info - Information recorded in the file
[10/04/2024 17:45:50] Info - Information recorded in the file
[10/04/2024 17:45:50] Info - Information recorded in the file
[10/04/2024 17:45:50] Info - Information recorded in the file
[10/04/2024 17:45:50] Info - Information recorded in the file
[10/04/2024 17:45:50] Info - Information recorded in the file
[10/04/2024 17:45:50] Info - Information recorded in the file
[10/04/2024 17:45:50] Info - Information recorded in the file
[10/04/2024 17:45:50] Info - Information recorded in the file
[10/04/2024 17:45:50] Info - Information recorded in the file
[10/04/2024 17:45:50] Info - Information recorded in the file
[10/04/2024 17:45:50] Info - Information recorded in the file
[10/04/2024 17:45:50] Info - Information recorded in the file
[10/04/2024 17:45:50] Info - Information recorded in the file
[10/04/2024 17:45:50] Info - Information recorded in the file
[10/04/2024 17:45:50] Info - Information recorded in the file
[10/04/2024 17:45:50] Info - Information recorded in the file
[10/04/2024 17:45:50] Info - Information recorded in the file
[10/04/2024 17:45:50] Info - Information recorded in the file
[10/04/2024 17:45:50] Info - Information recorded in the file
[10/04/2024 17:45:50] Info - Information recorded in the file
[10/04/2024 17:45:50] Info - Information recorded in the file
[10/04/2024 17:45:50] Info - Information recorded in the file
[10/04/2024 17:45:50] Info - Information recorded in the file
[10/04/2024 17:45:50] Info - Information recorded in the file
[10/04/2024 17:45:50] Info - Information recorded in the file
[10/04/2024 17:45:50] Info - Information recorded in the file
[10/04/2024 17:45:51] Info - Information recorded in the file
[10/04/2024 17:45:51] Info - Information recorded in the file
[10/04/2024 17:45:51] Info - Information recorded in the file
[10/04/2024 17:45:51] Info - Information recorded in the file
[10/04/2024 17:45:51] Info - Information recorded in the file
[10/04/2024 17:45:51] Info - Information recorded in the file
[10/04/2024 17:45:51] Info - Information recorded in the file
[10/04/2024 17:45:51] Info - Information recorded in the file
[10/04/2024 17:45:51] Info - Information recorded in the file
[10/04/2024 17:45:51] Info - Information recorded in the file
[10/04/2024 17:45:51] Info - Information recorded in the file
[10/04/2024 17:45:51] Info - Information recorded in the file
[10/04/2024 17:45:51] Info - Information recorded in the file
[10/04/2024 17:45:51] Info - Information recorded in the file
[10/04/2024 17:45:51] Info - Information recorded in the file
[10/04/2024 17:45:51] Info - Information recorded in the file
[10/04/2024 17:45:51] Info - Information recorded in the file
[10/04/2024 17:45:51] Info - Information recorded in the file
[10/04/2024 17:45:51] Info - Information recorded in the file
[10/04/2024 17:45:51] Info - Information recorded in the file
[10/04/2024 17:45:51] Info - Information recorded in the file
[10/04/2024 17:45:51] Info - Information recorded in the file
[10/04/2024 17:45:51] Info - Information recorded in the file
[10/04/2024 17:45:51] Info - Information recorded in the file
[10/04/2024 17:45:51] Info - Information recorded in the file
[10/04/2024 17:45:51] Info - Information recorded in the file
[10/04/2024 17:45:51] Info - Information recorded in the file
[10/04/2024 17:45:51] Info - Information recorded in the file
[10/04/2024 17:45:51] Info - Information recorded in the file
[10/04/2024 17:45:51] Info - Information recorded in the file
[10/04/2024 17:45:51] Info - Information recorded in the file
[10/04/2024 17:45:51] Info - Information recorded in the file
[10/04/2024 17:45:51] Info - Information recorded in the file
[10/04/2024 17:45:51] Info - Information recorded in the file
[10/04/2024 17:45:51] Info - Information recorded in the file
[10/04/2024 17:45:51] Info - Information recorded in the file
[10/04/2024 17:45:51] Info - Information recorded in the file
[10/04/2024 17:45:51] Info - Information recorded in the file
[10/04/2024 17:45:51] Info - Information recorded in the file
[10/04/2024 17:46:41] Info - Folder generated successfully
[10/04/2024 17:46:41] Info - Run server
[10/04/2024 17:46:41] Info - Information recorded in the file
[10/04/2024 17:46:41] Info - Information recorded in the file
[10/04/2024 17:46:41] Info - Information recorded in the file
[10/04/2024 17:46:41] Info - Information recorded in the file
[10/04/2024 17:46:41] Info - Information recorded in the file
[10/04/2024 17:46:41] Info - Information recorded in the file
[10/04/2024 17:46:41] Info - Information recorded in the file
[10/04/2024 17:46:41] Info - Information recorded in the file
[10/04/2024 17:46:41] Info - Information recorded in the file
[10/04/2024 17:46:41] Info - Information recorded in the file
[10/04/2024 17:46:41] Info - Information recorded in the file
[10/04/2024 17:46:41] Info - Information recorded in the file
[10/04/2024 17:46:41] Info - Information recorded in the file
[10/04/2024 17:46:41] Info - Information recorded in the file
[10/04/2024 17:46:41] Info - Information recorded in the file
[10/04/2024 17:46:41] Info - Information recorded in the file
[10/04/2024 17:46:41] Info - Information recorded in the file
[10/04/2024 17:46:41] Info - Information recorded in the file
[10/04/2024 17:46:41] Info - Information recorded in the file
[10/04/2024 17:46:41] Info - Information recorded in the file
[10/04/2024 17:46:41] Info - Information recorded in the file
[10/04/2024 17:46:41] Info - Information recorded in the file
[10/04/2024 17:46:41] Info - Information recorded in the file
[10/04/2024 17:46:41] Info - Information recorded in the file
[10/04/2024 17:46:41] Info - Information recorded in the file
[10/04/2024 17:46:41] Info - Information recorded in the file
[10/04/2024 17:46:41] Info - Information recorded in the file
[10/04/2024 17:46:41] Info - Information recorded in the file
[10/04/2024 17:46:42] Info - Information recorded in the file
[10/04/2024 17:46:42] Info - Information recorded in the file
[10/04/2024 17:46:42] Info - Information recorded in the file
[10/04/2024 17:46:42] Info - Information recorded in the file
[10/04/2024 17:46:42] Info - Information recorded in the file
[10/04/2024 17:46:42] Info - Information recorded in the file
[10/04/2024 17:46:42] Info - Information recorded in the file
[10/04/2024 17:46:42] Info - Information recorded in the file
[10/04/2024 17:46:42] Info - Information recorded in the file
[10/04/2024 17:46:42] Info - Information recorded in the file
[10/04/2024 17:46:42] Info - Information recorded in the file
[10/04/2024 17:46:42] Info - Information recorded in the file
[10/04/2024 17:46:42] Info - Information recorded in the file
[10/04/2024 17:46:42] Info - Information recorded in the file
[10/04/2024 17:46:42] Info - Information recorded in the file
[10/04/2024 17:46:42] Info - Information recorded in the file
[10/04/2024 17:46:42] Info - Information recorded in the file
[10/04/2024 17:46:42] Info - Information recorded in the file
[10/04/2024 17:46:42] Info - Information recorded in the file
[10/04/2024 17:46:42] Info - Information recorded in the file
[10/04/2024 17:46:42] Info - Information recorded in the file
[10/04/2024 17:46:42] Info - Information recorded in the file
[10/04/2024 17:46:42] Info - Information recorded in the file
[10/04/2024 17:46:42] Info - Information recorded in the file
[10/04/2024 17:46:42] Info - Information recorded in the file
[10/04/2024 17:46:42] Info - Information recorded in the file
[10/04/2024 17:46:42] Info - Information recorded in the file
[10/04/2024 17:46:42] Info - Information recorded in the file
[10/04/2024 17:46:42] Info - Information recorded in the file
[10/04/2024 17:46:42] Info - Information recorded in the file
[10/04/2024 17:46:42] Info - Information recorded in the file
[10/04/2024 17:46:42] Info - Information recorded in the file
[10/04/2024 17:46:42] Info - Information recorded in the file
[10/04/2024 17:46:42] Info - Information recorded in the file
[10/04/2024 17:46:42] Info - Information recorded in the file
[10/04/2024 17:46:42] Info - Information recorded in the file
[10/04/2024 17:46:43] Info - Information recorded in the file
[10/04/2024 17:46:43] Info - Information recorded in the file
[10/04/2024 17:46:43] Info - Information recorded in the file
[10/04/2024 17:46:43] Info - Information recorded in the file
[10/04/2024 17:46:43] Info - Information recorded in the file
[10/04/2024 17:46:43] Info - Information recorded in the file
[10/04/2024 17:46:43] Info - Information recorded in the file
[10/04/2024 17:46:43] Info - Information recorded in the file
[10/04/2024 17:46:43] Info - Information recorded in the file
[10/04/2024 17:46:43] Info - Information recorded in the file
[10/04/2024 17:46:43] Info - Information recorded in the file
[10/04/2024 17:46:43] Info - Information recorded in the file
[10/04/2024 17:46:43] Info - Information recorded in the file
[10/04/2024 17:46:43] Info - Information recorded in the file
[10/04/2024 17:46:43] Info - Information recorded in the file
[10/04/2024 17:46:43] Info - Information recorded in the file
[10/04/2024 17:46:43] Info - Information recorded in the file
[10/04/2024 17:46:43] Info - Information recorded in the file
[10/04/2024 17:46:43] Info - Information recorded in the file
[10/04/2024 17:46:43] Info - Information recorded in the file
[10/04/2024 17:46:43] Info - Information recorded in the file
[10/04/2024 17:46:43] Info - Information recorded in the file
[10/04/2024 17:46:43] Info - Information recorded in the file
[10/04/2024 17:46:43] Info - Information recorded in the file
[10/04/2024 17:46:43] Info - Information recorded in the file
[10/04/2024 17:46:43] Info - Information recorded in the file
[10/04/2024 17:46:43] Info - Information recorded in the file
[10/04/2024 17:46:43] Info - Information recorded in the file
[10/04/2024 17:46:43] Info - Information recorded in the file
[10/04/2024 17:46:43] Info - Information recorded in the file
[10/04/2024 17:46:43] Info - Information recorded in the file
[10/04/2024 17:46:43] Info - Information recorded in the file
[10/04/2024 17:46:43] Info - Information recorded in the file
[10/04/2024 17:46:43] Info - Information recorded in the file
[10/04/2024 17:46:43] Info - Information recorded in the file
[10/04/2024 17:46:44] Info - Information recorded in the file
[10/04/2024 17:46:44] Info - Information recorded in the file
[10/04/2024 17:46:44] Info - Information recorded in the file
[10/04/2024 17:46:44] Info - Information recorded in the file
[10/04/2024 17:46:44] Info - Information recorded in the file
[10/04/2024 17:46:44] Info - Information recorded in the file
[10/04/2024 17:46:44] Info - Information recorded in the file
[10/04/2024 17:46:44] Info - Information recorded in the file
[10/04/2024 17:46:44] Info - Information recorded in the file
[10/04/2024 17:46:44] Info - Information recorded in the file
[10/04/2024 17:46:44] Info - Information recorded in the file
[10/04/2024 17:46:44] Info - Information recorded in the file
[10/04/2024 17:46:44] Info - Information recorded in the file
[10/04/2024 17:46:44] Info - Information recorded in the file
[10/04/2024 17:46:44] Info - Information recorded in the file
[10/04/2024 17:46:44] Info - Information recorded in the file
[10/04/2024 17:46:44] Info - Information recorded in the file
[10/04/2024 17:46:44] Info - Information recorded in the file
[10/04/2024 17:46:44] Info - Information recorded in the file
[10/04/2024 17:46:44] Info - Information recorded in the file
[10/04/2024 17:46:44] Info - Information recorded in the file
[10/04/2024 17:46:44] Info - Information recorded in the file
[10/04/2024 17:46:44] Info - Information recorded in the file
[10/04/2024 17:46:44] Info - Information recorded in the file
[10/04/2024 17:46:44] Info - Information recorded in the file
[10/04/2024 17:46:44] Info - Information recorded in the file
[10/04/2024 17:46:44] Info - Information recorded in the file
[10/04/2024 17:46:44] Info - Information recorded in the file
[10/04/2024 17:46:44] Info - Information recorded in the file
[10/04/2024 17:46:44] Info - Information recorded in the file
[10/04/2024 17:46:45] Info - Information recorded in the file
[10/04/2024 17:46:45] Info - Information recorded in the file
[10/04/2024 17:46:45] Info - Information recorded in the file
[10/04/2024 17:46:45] Info - Information recorded in the file
[10/04/2024 17:46:45] Info - Information recorded in the file
[10/04/2024 17:46:45] Info - Information recorded in the file
[10/04/2024 17:46:45] Info - Information recorded in the file
[10/04/2024 17:46:45] Info - Information recorded in the file
[10/04/2024 17:46:45] Info - Information recorded in the file
[10/04/2024 17:46:45] Info - Information recorded in the file
[10/04/2024 17:46:45] Info - Information recorded in the file
[10/04/2024 17:46:45] Info - Information recorded in the file
[10/04/2024 17:46:45] Info - Information recorded in the file
[10/04/2024 17:46:45] Info - Information recorded in the file
[10/04/2024 17:46:45] Info - Information recorded in the file
[10/04/2024 17:46:45] Info - Information recorded in the file
[10/04/2024 17:46:45] Info - Information recorded in the file
[10/04/2024 17:46:45] Info - Information recorded in the file
[10/04/2024 17:46:45] Info - Information recorded in the file
[10/04/2024 17:46:45] Info - Information recorded in the file
[10/04/2024 17:46:45] Info - Information recorded in the file
[10/04/2024 17:46:46] Info - Information recorded in the file
[10/04/2024 17:46:46] Info - Information recorded in the file
[10/04/2024 17:46:46] Info - Information recorded in the file
[10/04/2024 17:46:46] Info - Information recorded in the file
[10/04/2024 17:46:46] Info - Information recorded in the file
[10/04/2024 17:46:46] Info - Information recorded in the file
[10/04/2024 17:46:46] Info - Information recorded in the file
[10/04/2024 17:46:46] Info - Information recorded in the file
[10/04/2024 17:46:46] Info - Information recorded in the file
[10/04/2024 17:46:46] Info - Information recorded in the file
[10/04/2024 17:46:46] Info - Information recorded in the file
[10/04/2024 17:46:46] Info - Information recorded in the file
[10/04/2024 17:46:46] Info - Information recorded in the file
[10/04/2024 17:46:46] Info - Information recorded in the file
[10/04/2024 17:46:46] Info - Information recorded in the file
[10/04/2024 17:46:46] Info - Information recorded in the file
[10/04/2024 17:46:46] Info - Information recorded in the file
[10/04/2024 17:46:46] Info - Information recorded in the file
[10/04/2024 17:46:46] Info - Information recorded in the file
[10/04/2024 17:46:46] Info - Information recorded in the file
[10/04/2024 17:46:46] Info - Information recorded in the file
[10/04/2024 17:46:46] Info - Information recorded in the file
[10/04/2024 17:46:47] Info - Information recorded in the file
[10/04/2024 17:46:47] Info - Information recorded in the file
[10/04/2024 17:46:47] Info - Information recorded in the file
[10/04/2024 17:46:47] Info - Information recorded in the file
[10/04/2024 17:46:47] Info - Information recorded in the file
[10/04/2024 17:46:47] Info - Information recorded in the file
[10/04/2024 17:46:47] Info - Information recorded in the file
[10/04/2024 17:46:47] Info - Information recorded in the file
[10/04/2024 17:46:47] Info - Information recorded in the file
[10/04/2024 17:46:47] Info - Information recorded in the file
[10/04/2024 17:46:47] Info - Information recorded in the file
[10/04/2024 17:46:47] Info - Information recorded in the file
[10/04/2024 17:46:47] Info - Information recorded in the file
[10/04/2024 17:46:47] Info - Information recorded in the file
[10/04/2024 17:46:47] Info - Information recorded in the file
[10/04/2024 17:46:47] Info - Information recorded in the file
[10/04/2024 17:46:47] Info - Information recorded in the file
[10/04/2024 17:46:47] Info - Information recorded in the file
[10/04/2024 17:46:47] Info - Information recorded in the file
[10/04/2024 17:46:47] Info - Information recorded in the file
[10/04/2024 17:46:47] Info - Information recorded in the file
[10/04/2024 17:46:47] Info - Information recorded in the file
[10/04/2024 17:46:47] Info - Information recorded in the file
[10/04/2024 17:46:47] Info - Information recorded in the file
[10/04/2024 17:46:47] Info - Information recorded in the file
[10/04/2024 17:46:47] Info - Information recorded in the file
[10/04/2024 17:46:47] Info - Information recorded in the file
[10/04/2024 17:46:47] Info - Information recorded in the file
[10/04/2024 17:46:47] Info - Information recorded in the file
[10/04/2024 17:46:47] Info - Information recorded in the file
[10/04/2024 17:46:47] Info - Information recorded in the file
[10/04/2024 17:46:48] Info - Information recorded in the file
[10/04/2024 17:46:48] Info - Information recorded in the file
[10/04/2024 17:46:48] Info - Information recorded in the file
[10/04/2024 17:46:48] Info - Information recorded in the file
[10/04/2024 17:46:48] Info - Information recorded in the file
[10/04/2024 17:46:48] Info - Information recorded in the file
[10/04/2024 17:46:48] Info - Information recorded in the file
[10/04/2024 17:46:48] Info - Information recorded in the file
[10/04/2024 17:46:48] Info - Information recorded in the file
[10/04/2024 17:46:48] Info - Information recorded in the file
[10/04/2024 17:46:48] Info - Information recorded in the file
[10/04/2024 17:46:48] Info - Information recorded in the file
[10/04/2024 17:46:48] Info - Information recorded in the file
[10/04/2024 17:46:48] Info - Information recorded in the file
[10/04/2024 17:46:48] Info - Information recorded in the file
[10/04/2024 17:46:48] Info - Information recorded in the file
[10/04/2024 17:46:48] Info - Information recorded in the file
[10/04/2024 17:46:48] Info - Information recorded in the file
[10/04/2024 17:46:48] Info - Information recorded in the file
[10/04/2024 17:46:48] Info - Information recorded in the file
[10/04/2024 17:46:48] Info - Information recorded in the file
[10/04/2024 17:46:48] Info - Information recorded in the file
[10/04/2024 17:46:48] Info - Information recorded in the file
[10/04/2024 17:46:48] Info - Information recorded in the file
[10/04/2024 17:46:48] Info - Information recorded in the file
[10/04/2024 17:46:48] Info - Information recorded in the file
[10/04/2024 17:46:48] Info - Information recorded in the file
[10/04/2024 17:46:48] Info - Information recorded in the file
[10/04/2024 17:46:48] Info - Information recorded in the file
[10/04/2024 17:46:49] Info - Information recorded in the file
[10/04/2024 17:46:49] Info - Information recorded in the file
[10/04/2024 17:46:49] Info - Information recorded in the file
[10/04/2024 17:46:49] Info - Information recorded in the file
[10/04/2024 17:46:49] Info - Information recorded in the file
[10/04/2024 17:46:49] Info - Information recorded in the file
[10/04/2024 17:46:49] Info - Information recorded in the file
[10/04/2024 17:46:49] Info - Information recorded in the file
[10/04/2024 17:46:49] Info - Information recorded in the file
[10/04/2024 17:46:49] Info - Information recorded in the file
[10/04/2024 17:46:49] Info - Information recorded in the file
[10/04/2024 17:46:49] Info - Information recorded in the file
[10/04/2024 17:46:49] Info - Information recorded in the file
[10/04/2024 17:46:49] Info - Information recorded in the file
[10/04/2024 17:46:49] Info - Information recorded in the file
[10/04/2024 17:46:49] Info - Information recorded in the file
[10/04/2024 17:46:49] Info - Information recorded in the file
[10/04/2024 17:46:49] Info - Information recorded in the file
[10/04/2024 17:46:49] Info - Information recorded in the file
[10/04/2024 17:46:49] Info - Information recorded in the file
[10/04/2024 17:46:49] Info - Information recorded in the file
[10/04/2024 17:46:49] Info - Information recorded in the file
[10/04/2024 17:46:49] Info - Information recorded in the file
[10/04/2024 17:46:49] Info - Information recorded in the file
[10/04/2024 17:46:49] Info - Information recorded in the file
[10/04/2024 17:46:49] Info - Information recorded in the file
[10/04/2024 17:46:49] Info - Information recorded in the file
[10/04/2024 17:46:49] Info - Information recorded in the file
[10/04/2024 17:46:49] Info - Information recorded in the file
[10/04/2024 17:46:50] Info - Information recorded in the file
[10/04/2024 17:46:50] Info - Information recorded in the file
[10/04/2024 17:46:50] Info - Information recorded in the file
[10/04/2024 17:46:50] Info - Information recorded in the file
[10/04/2024 17:46:50] Info - Information recorded in the file
[10/04/2024 17:46:50] Info - Information recorded in the file
[10/04/2024 17:46:50] Info - Information recorded in the file
[10/04/2024 17:46:50] Info - Information recorded in the file
[10/04/2024 17:46:50] Info - Information recorded in the file
[10/04/2024 17:46:50] Info - Information recorded in the file
[10/04/2024 17:46:50] Info - Information recorded in the file
[10/04/2024 17:46:50] Info - Information recorded in the file
[10/04/2024 17:46:50] Info - Information recorded in the file
[10/04/2024 17:46:50] Info - Information recorded in the file
[10/04/2024 17:46:50] Info - Information recorded in the file
[10/04/2024 17:46:50] Info - Information recorded in the file
[10/04/2024 17:46:50] Info - Information recorded in the file
[10/04/2024 17:46:50] Info - Information recorded in the file
[10/04/2024 17:46:50] Info - Information recorded in the file
[10/04/2024 17:46:50] Info - Information recorded in the file
[10/04/2024 17:46:50] Info - Information recorded in the file
[10/04/2024 17:46:50] Info - Information recorded in the file
[10/04/2024 17:46:50] Info - Information recorded in the file
[10/04/2024 17:46:50] Info - Information recorded in the file
[10/04/2024 17:47:26] Info - Run server
[10/04/2024 17:54:15] Info - Run server
[10/04/2024 17:54:54] Info - Folder generated successfully
[10/04/2024 17:54:54] Info - Run server
[10/04/2024 17:54:55] Info - Information recorded in the file
[10/04/2024 17:54:55] Info - Information recorded in the file
[10/04/2024 17:54:55] Info - Information recorded in the file
[10/04/2024 17:54:55] Info - Information recorded in the file
[10/04/2024 17:54:55] Info - Information recorded in the file
[10/04/2024 17:54:55] Info - Information recorded in the file
[10/04/2024 17:54:55] Info - Information recorded in the file
[10/04/2024 17:54:55] Info - Information recorded in the file
[10/04/2024 17:54:55] Info - Information recorded in the file
[10/04/2024 17:54:55] Info - Information recorded in the file
[10/04/2024 17:54:55] Info - Information recorded in the file
[10/04/2024 17:54:55] Info - Information recorded in the file
[10/04/2024 17:54:55] Info - Information recorded in the file
[10/04/2024 17:54:55] Info - Information recorded in the file
[10/04/2024 17:54:55] Info - Information recorded in the file
[10/04/2024 17:54:55] Info - Information recorded in the file
[10/04/2024 17:54:55] Info - Information recorded in the file
[10/04/2024 17:54:55] Info - Information recorded in the file
[10/04/2024 17:54:55] Info - Information recorded in the file
[10/04/2024 17:54:55] Info - Information recorded in the file
[10/04/2024 17:54:55] Info - Information recorded in the file
[10/04/2024 17:54:56] Info - Information recorded in the file
[10/04/2024 17:54:56] Info - Information recorded in the file
[10/04/2024 17:54:56] Info - Information recorded in the file
[10/04/2024 17:54:56] Info - Information recorded in the file
[10/04/2024 17:54:56] Info - Information recorded in the file
[10/04/2024 17:54:56] Info - Information recorded in the file
[10/04/2024 17:54:56] Info - Information recorded in the file
[10/04/2024 17:54:56] Info - Information recorded in the file
[10/04/2024 17:54:56] Info - Information recorded in the file
[10/04/2024 17:54:56] Info - Information recorded in the file
[10/04/2024 17:54:56] Info - Information recorded in the file
[10/04/2024 17:54:56] Info - Information recorded in the file
[10/04/2024 17:54:56] Info - Information recorded in the file
[10/04/2024 17:54:56] Info - Information recorded in the file
[10/04/2024 17:54:56] Info - Information recorded in the file
[10/04/2024 17:54:56] Info - Information recorded in the file
[10/04/2024 17:54:56] Info - Information recorded in the file
[10/04/2024 17:54:56] Info - Information recorded in the file
[10/04/2024 17:54:56] Info - Information recorded in the file
[10/04/2024 17:54:56] Info - Information recorded in the file
[10/04/2024 17:54:56] Info - Information recorded in the file
[10/04/2024 17:54:56] Info - Information recorded in the file
[10/04/2024 17:54:56] Info - Information recorded in the file
[10/04/2024 17:55:11] Info - Run server
[10/04/2024 18:07:12] Info - Run server